C:\USERS\SOLA~\DOCUMENTS\VISUAL STUDIO 2012\PROJECTS\MESHSIMPLIFY\DEBUG\HEAP.OBJ
C:\USERS\SOLA~\DOCUMENTS\VISUAL STUDIO 2012\PROJECTS\MESHSIMPLIFY\DEBUG\COMMON.OBJ
C:\USERS\SOLA~\DOCUMENTS\VISUAL STUDIO 2012\PROJECTS\MESHSIMPLIFY\DEBUG\MAIN.OBJ
C:\USERS\SOLA~\DOCUMENTS\VISUAL STUDIO 2012\PROJECTS\MESHSIMPLIFY\DEBUG\OBJECT.OBJ
C:\USERS\SOLA~\DOCUMENTS\VISUAL STUDIO 2012\PROJECTS\MESHSIMPLIFY\DEBUG\VC110.PDB
C:\USERS\SOLA~\DOCUMENTS\VISUAL STUDIO 2012\PROJECTS\MESHSIMPLIFY\DEBUG\OBJECT2.OBJ
C:\USERS\SOLA~\DOCUMENTS\VISUAL STUDIO 2012\PROJECTS\MESHSIMPLIFY\DEBUG\OBJECT3.OBJ
J:\PROJECTS\MESHSIMPLIFY\DEBUG\COMMON.OBJ
J:\PROJECTS\MESHSIMPLIFY\DEBUG\HEAP.OBJ
J:\PROJECTS\MESHSIMPLIFY\DEBUG\MAIN.OBJ
J:\PROJECTS\MESHSIMPLIFY\DEBUG\OBJECT.OBJ
J:\PROJECTS\MESHSIMPLIFY\DEBUG\VC110.PDB
C:\USERS\SOLA~\DOCUMENTS\VISUAL STUDIO 2012\PROJECTS\MESHSIMPLIFY\DEBUG\MESHSIMPLIFY.ILK
C:\USERS\SOLA~\DOCUMENTS\VISUAL STUDIO 2012\PROJECTS\MESHSIMPLIFY\DEBUG\MESHSIMPLIFY.EXE
C:\USERS\SOLA~\DOCUMENTS\VISUAL STUDIO 2012\PROJECTS\MESHSIMPLIFY\DEBUG\MESHSIMPLIFY.PDB
J:\PROJECTS\MESHSIMPLIFY\DEBUG\MESHSIMPLIFY.ILK
J:\PROJECTS\MESHSIMPLIFY\DEBUG\MESHSIMPLIFY.EXE
J:\PROJECTS\MESHSIMPLIFY\DEBUG\MESHSIMPLIFY.PDB
J:\Projects\MeshSimplify\Debug\common.obj
J:\Projects\MeshSimplify\Debug\heap.obj
J:\Projects\MeshSimplify\Debug\main.obj
J:\Projects\MeshSimplify\Debug\object.obj
J:\Projects\MeshSimplify\Debug\object2.obj
J:\Projects\MeshSimplify\Debug\object3.obj
J:\Projects\MeshSimplify\Debug\result.obj
J:\Projects\MeshSimplify\Debug\sphere.obj
J:\Projects\MeshSimplify\Debug\MeshSimplify.ilk
J:\Projects\MeshSimplify\Debug\cl.command.1.tlog
J:\Projects\MeshSimplify\Debug\CL.read.1.tlog
J:\Projects\MeshSimplify\Debug\CL.write.1.tlog
J:\Projects\MeshSimplify\Debug\link-cvtres.read.1.tlog
J:\Projects\MeshSimplify\Debug\link-cvtres.write.1.tlog
J:\Projects\MeshSimplify\Debug\link-rc.read.1.tlog
J:\Projects\MeshSimplify\Debug\link-rc.write.1.tlog
J:\Projects\MeshSimplify\Debug\link.10076-cvtres.read.1.tlog
J:\Projects\MeshSimplify\Debug\link.10076-cvtres.write.1.tlog
J:\Projects\MeshSimplify\Debug\link.10076-rc.read.1.tlog
J:\Projects\MeshSimplify\Debug\link.10076-rc.write.1.tlog
J:\Projects\MeshSimplify\Debug\link.10076.read.1.tlog
J:\Projects\MeshSimplify\Debug\link.10076.write.1.tlog
J:\Projects\MeshSimplify\Debug\link.10368-cvtres.read.1.tlog
J:\Projects\MeshSimplify\Debug\link.10368-cvtres.write.1.tlog
J:\Projects\MeshSimplify\Debug\link.10368-rc.read.1.tlog
J:\Projects\MeshSimplify\Debug\link.10368-rc.write.1.tlog
J:\Projects\MeshSimplify\Debug\link.10368.read.1.tlog
J:\Projects\MeshSimplify\Debug\link.10368.write.1.tlog
J:\Projects\MeshSimplify\Debug\link.10980-cvtres.read.1.tlog
J:\Projects\MeshSimplify\Debug\link.10980-cvtres.write.1.tlog
J:\Projects\MeshSimplify\Debug\link.10980-rc.read.1.tlog
J:\Projects\MeshSimplify\Debug\link.10980-rc.write.1.tlog
J:\Projects\MeshSimplify\Debug\link.10980.read.1.tlog
J:\Projects\MeshSimplify\Debug\link.10980.write.1.tlog
J:\Projects\MeshSimplify\Debug\link.11056-cvtres.read.1.tlog
J:\Projects\MeshSimplify\Debug\link.11056-cvtres.write.1.tlog
J:\Projects\MeshSimplify\Debug\link.11056-rc.read.1.tlog
J:\Projects\MeshSimplify\Debug\link.11056-rc.write.1.tlog
J:\Projects\MeshSimplify\Debug\link.11056.read.1.tlog
J:\Projects\MeshSimplify\Debug\link.11056.write.1.tlog
J:\Projects\MeshSimplify\Debug\link.11332-cvtres.read.1.tlog
J:\Projects\MeshSimplify\Debug\link.11332-cvtres.write.1.tlog
J:\Projects\MeshSimplify\Debug\link.11332-rc.read.1.tlog
J:\Projects\MeshSimplify\Debug\link.11332-rc.write.1.tlog
J:\Projects\MeshSimplify\Debug\link.11332.read.1.tlog
J:\Projects\MeshSimplify\Debug\link.11332.write.1.tlog
J:\Projects\MeshSimplify\Debug\link.11364-cvtres.read.1.tlog
J:\Projects\MeshSimplify\Debug\link.11364-cvtres.write.1.tlog
J:\Projects\MeshSimplify\Debug\link.11364-rc.read.1.tlog
J:\Projects\MeshSimplify\Debug\link.11364-rc.write.1.tlog
J:\Projects\MeshSimplify\Debug\link.11364.read.1.tlog
J:\Projects\MeshSimplify\Debug\link.11364.write.1.tlog
J:\Projects\MeshSimplify\Debug\link.11660-cvtres.read.1.tlog
J:\Projects\MeshSimplify\Debug\link.11660-cvtres.write.1.tlog
J:\Projects\MeshSimplify\Debug\link.11660-rc.read.1.tlog
J:\Projects\MeshSimplify\Debug\link.11660-rc.write.1.tlog
J:\Projects\MeshSimplify\Debug\link.11660.read.1.tlog
J:\Projects\MeshSimplify\Debug\link.11660.write.1.tlog
J:\Projects\MeshSimplify\Debug\link.11740-cvtres.read.1.tlog
J:\Projects\MeshSimplify\Debug\link.11740-cvtres.write.1.tlog
J:\Projects\MeshSimplify\Debug\link.11740-rc.read.1.tlog
J:\Projects\MeshSimplify\Debug\link.11740-rc.write.1.tlog
J:\Projects\MeshSimplify\Debug\link.11740.read.1.tlog
J:\Projects\MeshSimplify\Debug\link.11740.write.1.tlog
J:\Projects\MeshSimplify\Debug\link.12772-cvtres.read.1.tlog
J:\Projects\MeshSimplify\Debug\link.12772-cvtres.write.1.tlog
J:\Projects\MeshSimplify\Debug\link.12772-rc.read.1.tlog
J:\Projects\MeshSimplify\Debug\link.12772-rc.write.1.tlog
J:\Projects\MeshSimplify\Debug\link.12772.read.1.tlog
J:\Projects\MeshSimplify\Debug\link.12772.write.1.tlog
J:\Projects\MeshSimplify\Debug\link.12820-cvtres.read.1.tlog
J:\Projects\MeshSimplify\Debug\link.12820-cvtres.write.1.tlog
J:\Projects\MeshSimplify\Debug\link.12820-rc.read.1.tlog
J:\Projects\MeshSimplify\Debug\link.12820-rc.write.1.tlog
J:\Projects\MeshSimplify\Debug\link.12820.read.1.tlog
J:\Projects\MeshSimplify\Debug\link.12820.write.1.tlog
J:\Projects\MeshSimplify\Debug\link.12908-cvtres.read.1.tlog
J:\Projects\MeshSimplify\Debug\link.12908-cvtres.write.1.tlog
J:\Projects\MeshSimplify\Debug\link.12908-rc.read.1.tlog
J:\Projects\MeshSimplify\Debug\link.12908-rc.write.1.tlog
J:\Projects\MeshSimplify\Debug\link.12908.read.1.tlog
J:\Projects\MeshSimplify\Debug\link.12908.write.1.tlog
J:\Projects\MeshSimplify\Debug\link.13216-cvtres.read.1.tlog
J:\Projects\MeshSimplify\Debug\link.13216-cvtres.write.1.tlog
J:\Projects\MeshSimplify\Debug\link.13216-rc.read.1.tlog
J:\Projects\MeshSimplify\Debug\link.13216-rc.write.1.tlog
J:\Projects\MeshSimplify\Debug\link.13216.read.1.tlog
J:\Projects\MeshSimplify\Debug\link.13216.write.1.tlog
J:\Projects\MeshSimplify\Debug\link.1576-cvtres.read.1.tlog
J:\Projects\MeshSimplify\Debug\link.1576-cvtres.write.1.tlog
J:\Projects\MeshSimplify\Debug\link.1576-rc.read.1.tlog
J:\Projects\MeshSimplify\Debug\link.1576-rc.write.1.tlog
J:\Projects\MeshSimplify\Debug\link.1576.read.1.tlog
J:\Projects\MeshSimplify\Debug\link.1576.write.1.tlog
J:\Projects\MeshSimplify\Debug\link.1796-cvtres.read.1.tlog
J:\Projects\MeshSimplify\Debug\link.1796-cvtres.write.1.tlog
J:\Projects\MeshSimplify\Debug\link.1796-rc.read.1.tlog
J:\Projects\MeshSimplify\Debug\link.1796-rc.write.1.tlog
J:\Projects\MeshSimplify\Debug\link.1796.read.1.tlog
J:\Projects\MeshSimplify\Debug\link.1796.write.1.tlog
J:\Projects\MeshSimplify\Debug\link.1924-cvtres.read.1.tlog
J:\Projects\MeshSimplify\Debug\link.1924-cvtres.write.1.tlog
J:\Projects\MeshSimplify\Debug\link.1924-rc.read.1.tlog
J:\Projects\MeshSimplify\Debug\link.1924-rc.write.1.tlog
J:\Projects\MeshSimplify\Debug\link.1924.read.1.tlog
J:\Projects\MeshSimplify\Debug\link.1924.write.1.tlog
J:\Projects\MeshSimplify\Debug\link.2204-cvtres.read.1.tlog
J:\Projects\MeshSimplify\Debug\link.2204-cvtres.write.1.tlog
J:\Projects\MeshSimplify\Debug\link.2204-rc.read.1.tlog
J:\Projects\MeshSimplify\Debug\link.2204-rc.write.1.tlog
J:\Projects\MeshSimplify\Debug\link.2204.read.1.tlog
J:\Projects\MeshSimplify\Debug\link.2204.write.1.tlog
J:\Projects\MeshSimplify\Debug\link.2920-cvtres.read.1.tlog
J:\Projects\MeshSimplify\Debug\link.2920-cvtres.write.1.tlog
J:\Projects\MeshSimplify\Debug\link.2920-rc.read.1.tlog
J:\Projects\MeshSimplify\Debug\link.2920-rc.write.1.tlog
J:\Projects\MeshSimplify\Debug\link.2920.read.1.tlog
J:\Projects\MeshSimplify\Debug\link.2920.write.1.tlog
J:\Projects\MeshSimplify\Debug\link.3200-cvtres.read.1.tlog
J:\Projects\MeshSimplify\Debug\link.3200-cvtres.write.1.tlog
J:\Projects\MeshSimplify\Debug\link.3200-rc.read.1.tlog
J:\Projects\MeshSimplify\Debug\link.3200-rc.write.1.tlog
J:\Projects\MeshSimplify\Debug\link.3200.read.1.tlog
J:\Projects\MeshSimplify\Debug\link.3200.write.1.tlog
J:\Projects\MeshSimplify\Debug\link.3504-cvtres.read.1.tlog
J:\Projects\MeshSimplify\Debug\link.3504-cvtres.write.1.tlog
J:\Projects\MeshSimplify\Debug\link.3504-rc.read.1.tlog
J:\Projects\MeshSimplify\Debug\link.3504-rc.write.1.tlog
J:\Projects\MeshSimplify\Debug\link.3504.read.1.tlog
J:\Projects\MeshSimplify\Debug\link.3504.write.1.tlog
J:\Projects\MeshSimplify\Debug\link.3624-cvtres.read.1.tlog
J:\Projects\MeshSimplify\Debug\link.3624-cvtres.write.1.tlog
J:\Projects\MeshSimplify\Debug\link.3624-rc.read.1.tlog
J:\Projects\MeshSimplify\Debug\link.3624-rc.write.1.tlog
J:\Projects\MeshSimplify\Debug\link.3624.read.1.tlog
J:\Projects\MeshSimplify\Debug\link.3624.write.1.tlog
J:\Projects\MeshSimplify\Debug\link.3864-cvtres.read.1.tlog
J:\Projects\MeshSimplify\Debug\link.3864-cvtres.write.1.tlog
J:\Projects\MeshSimplify\Debug\link.3864-rc.read.1.tlog
J:\Projects\MeshSimplify\Debug\link.3864-rc.write.1.tlog
J:\Projects\MeshSimplify\Debug\link.3864.read.1.tlog
J:\Projects\MeshSimplify\Debug\link.3864.write.1.tlog
J:\Projects\MeshSimplify\Debug\link.4032-cvtres.read.1.tlog
J:\Projects\MeshSimplify\Debug\link.4032-cvtres.write.1.tlog
J:\Projects\MeshSimplify\Debug\link.4032-rc.read.1.tlog
J:\Projects\MeshSimplify\Debug\link.4032-rc.write.1.tlog
J:\Projects\MeshSimplify\Debug\link.4032.read.1.tlog
J:\Projects\MeshSimplify\Debug\link.4032.write.1.tlog
J:\Projects\MeshSimplify\Debug\link.4188-cvtres.read.1.tlog
J:\Projects\MeshSimplify\Debug\link.4188-cvtres.write.1.tlog
J:\Projects\MeshSimplify\Debug\link.4188-rc.read.1.tlog
J:\Projects\MeshSimplify\Debug\link.4188-rc.write.1.tlog
J:\Projects\MeshSimplify\Debug\link.4188.read.1.tlog
J:\Projects\MeshSimplify\Debug\link.4188.write.1.tlog
J:\Projects\MeshSimplify\Debug\link.4356-cvtres.read.1.tlog
J:\Projects\MeshSimplify\Debug\link.4356-cvtres.write.1.tlog
J:\Projects\MeshSimplify\Debug\link.4356-rc.read.1.tlog
J:\Projects\MeshSimplify\Debug\link.4356-rc.write.1.tlog
J:\Projects\MeshSimplify\Debug\link.4356.read.1.tlog
J:\Projects\MeshSimplify\Debug\link.4356.write.1.tlog
J:\Projects\MeshSimplify\Debug\link.4500-cvtres.read.1.tlog
J:\Projects\MeshSimplify\Debug\link.4500-cvtres.write.1.tlog
J:\Projects\MeshSimplify\Debug\link.4500-rc.read.1.tlog
J:\Projects\MeshSimplify\Debug\link.4500-rc.write.1.tlog
J:\Projects\MeshSimplify\Debug\link.4500.read.1.tlog
J:\Projects\MeshSimplify\Debug\link.4500.write.1.tlog
J:\Projects\MeshSimplify\Debug\link.4652-cvtres.read.1.tlog
J:\Projects\MeshSimplify\Debug\link.4652-cvtres.write.1.tlog
J:\Projects\MeshSimplify\Debug\link.4652-rc.read.1.tlog
J:\Projects\MeshSimplify\Debug\link.4652-rc.write.1.tlog
J:\Projects\MeshSimplify\Debug\link.4652.read.1.tlog
J:\Projects\MeshSimplify\Debug\link.4652.write.1.tlog
J:\Projects\MeshSimplify\Debug\link.4812-cvtres.read.1.tlog
J:\Projects\MeshSimplify\Debug\link.4812-cvtres.write.1.tlog
J:\Projects\MeshSimplify\Debug\link.4812-rc.read.1.tlog
J:\Projects\MeshSimplify\Debug\link.4812-rc.write.1.tlog
J:\Projects\MeshSimplify\Debug\link.4812.read.1.tlog
J:\Projects\MeshSimplify\Debug\link.4812.write.1.tlog
J:\Projects\MeshSimplify\Debug\link.4968-cvtres.read.1.tlog
J:\Projects\MeshSimplify\Debug\link.4968-cvtres.write.1.tlog
J:\Projects\MeshSimplify\Debug\link.4968-rc.read.1.tlog
J:\Projects\MeshSimplify\Debug\link.4968-rc.write.1.tlog
J:\Projects\MeshSimplify\Debug\link.4968.read.1.tlog
J:\Projects\MeshSimplify\Debug\link.4968.write.1.tlog
J:\Projects\MeshSimplify\Debug\link.5008-cvtres.read.1.tlog
J:\Projects\MeshSimplify\Debug\link.5008-cvtres.write.1.tlog
J:\Projects\MeshSimplify\Debug\link.5008-rc.read.1.tlog
J:\Projects\MeshSimplify\Debug\link.5008-rc.write.1.tlog
J:\Projects\MeshSimplify\Debug\link.5008.read.1.tlog
J:\Projects\MeshSimplify\Debug\link.5008.write.1.tlog
J:\Projects\MeshSimplify\Debug\link.5156-cvtres.read.1.tlog
J:\Projects\MeshSimplify\Debug\link.5156-cvtres.write.1.tlog
J:\Projects\MeshSimplify\Debug\link.5156-rc.read.1.tlog
J:\Projects\MeshSimplify\Debug\link.5156-rc.write.1.tlog
J:\Projects\MeshSimplify\Debug\link.5156.read.1.tlog
J:\Projects\MeshSimplify\Debug\link.5156.write.1.tlog
J:\Projects\MeshSimplify\Debug\link.5176-cvtres.read.1.tlog
J:\Projects\MeshSimplify\Debug\link.5176-cvtres.write.1.tlog
J:\Projects\MeshSimplify\Debug\link.5176-rc.read.1.tlog
J:\Projects\MeshSimplify\Debug\link.5176-rc.write.1.tlog
J:\Projects\MeshSimplify\Debug\link.5176.read.1.tlog
J:\Projects\MeshSimplify\Debug\link.5176.write.1.tlog
J:\Projects\MeshSimplify\Debug\link.5236-cvtres.read.1.tlog
J:\Projects\MeshSimplify\Debug\link.5236-cvtres.write.1.tlog
J:\Projects\MeshSimplify\Debug\link.5236-rc.read.1.tlog
J:\Projects\MeshSimplify\Debug\link.5236-rc.write.1.tlog
J:\Projects\MeshSimplify\Debug\link.5236.read.1.tlog
J:\Projects\MeshSimplify\Debug\link.5236.write.1.tlog
J:\Projects\MeshSimplify\Debug\link.5492-cvtres.read.1.tlog
J:\Projects\MeshSimplify\Debug\link.5492-cvtres.write.1.tlog
J:\Projects\MeshSimplify\Debug\link.5492-rc.read.1.tlog
J:\Projects\MeshSimplify\Debug\link.5492-rc.write.1.tlog
J:\Projects\MeshSimplify\Debug\link.5492.read.1.tlog
J:\Projects\MeshSimplify\Debug\link.5492.write.1.tlog
J:\Projects\MeshSimplify\Debug\link.5740-cvtres.read.1.tlog
J:\Projects\MeshSimplify\Debug\link.5740-cvtres.write.1.tlog
J:\Projects\MeshSimplify\Debug\link.5740-rc.read.1.tlog
J:\Projects\MeshSimplify\Debug\link.5740-rc.write.1.tlog
J:\Projects\MeshSimplify\Debug\link.5740.read.1.tlog
J:\Projects\MeshSimplify\Debug\link.5740.write.1.tlog
J:\Projects\MeshSimplify\Debug\link.5892-cvtres.read.1.tlog
J:\Projects\MeshSimplify\Debug\link.5892-cvtres.write.1.tlog
J:\Projects\MeshSimplify\Debug\link.5892-rc.read.1.tlog
J:\Projects\MeshSimplify\Debug\link.5892-rc.write.1.tlog
J:\Projects\MeshSimplify\Debug\link.5892.read.1.tlog
J:\Projects\MeshSimplify\Debug\link.5892.write.1.tlog
J:\Projects\MeshSimplify\Debug\link.6272-cvtres.read.1.tlog
J:\Projects\MeshSimplify\Debug\link.6272-cvtres.write.1.tlog
J:\Projects\MeshSimplify\Debug\link.6272-rc.read.1.tlog
J:\Projects\MeshSimplify\Debug\link.6272-rc.write.1.tlog
J:\Projects\MeshSimplify\Debug\link.6272.read.1.tlog
J:\Projects\MeshSimplify\Debug\link.6272.write.1.tlog
J:\Projects\MeshSimplify\Debug\link.6700-cvtres.read.1.tlog
J:\Projects\MeshSimplify\Debug\link.6700-cvtres.write.1.tlog
J:\Projects\MeshSimplify\Debug\link.6700-rc.read.1.tlog
J:\Projects\MeshSimplify\Debug\link.6700-rc.write.1.tlog
J:\Projects\MeshSimplify\Debug\link.6700.read.1.tlog
J:\Projects\MeshSimplify\Debug\link.6700.write.1.tlog
J:\Projects\MeshSimplify\Debug\link.7124-cvtres.read.1.tlog
J:\Projects\MeshSimplify\Debug\link.7124-cvtres.write.1.tlog
J:\Projects\MeshSimplify\Debug\link.7124-rc.read.1.tlog
J:\Projects\MeshSimplify\Debug\link.7124-rc.write.1.tlog
J:\Projects\MeshSimplify\Debug\link.7124.read.1.tlog
J:\Projects\MeshSimplify\Debug\link.7124.write.1.tlog
J:\Projects\MeshSimplify\Debug\link.7236-cvtres.read.1.tlog
J:\Projects\MeshSimplify\Debug\link.7236-cvtres.write.1.tlog
J:\Projects\MeshSimplify\Debug\link.7236-rc.read.1.tlog
J:\Projects\MeshSimplify\Debug\link.7236-rc.write.1.tlog
J:\Projects\MeshSimplify\Debug\link.7236.read.1.tlog
J:\Projects\MeshSimplify\Debug\link.7236.write.1.tlog
J:\Projects\MeshSimplify\Debug\link.772-cvtres.read.1.tlog
J:\Projects\MeshSimplify\Debug\link.772-cvtres.write.1.tlog
J:\Projects\MeshSimplify\Debug\link.772-rc.read.1.tlog
J:\Projects\MeshSimplify\Debug\link.772-rc.write.1.tlog
J:\Projects\MeshSimplify\Debug\link.772.read.1.tlog
J:\Projects\MeshSimplify\Debug\link.772.write.1.tlog
J:\Projects\MeshSimplify\Debug\link.940-cvtres.read.1.tlog
J:\Projects\MeshSimplify\Debug\link.940-cvtres.write.1.tlog
J:\Projects\MeshSimplify\Debug\link.940-rc.read.1.tlog
J:\Projects\MeshSimplify\Debug\link.940-rc.write.1.tlog
J:\Projects\MeshSimplify\Debug\link.940.read.1.tlog
J:\Projects\MeshSimplify\Debug\link.940.write.1.tlog
J:\Projects\MeshSimplify\Debug\link.command.1.tlog
J:\Projects\MeshSimplify\Debug\link.read.1.tlog
J:\Projects\MeshSimplify\Debug\link.write.1.tlog
J:\Projects\MeshSimplify\Debug\vc110.idb
J:\Projects\MeshSimplify\Debug\MeshSimplify.pdb
J:\Projects\MeshSimplify\Debug\vc110.pdb
J:\Projects\MeshSimplify\Debug\MeshSimplify.exe
