J:\PROJECTS\MESHSIMPLIFY\RELEASE\OBJECT.OBJ
J:\PROJECTS\MESHSIMPLIFY\RELEASE\MAIN.OBJ
J:\PROJECTS\MESHSIMPLIFY\RELEASE\HEAP.OBJ
J:\PROJECTS\MESHSIMPLIFY\RELEASE\COMMON.OBJ
J:\PROJECTS\MESHSIMPLIFY\RELEASE\VC110.PDB
J:\PROJECTS\MESHSIMPLIFY\RELEASE\MESHSIMPLIFY.EXE
J:\PROJECTS\MESHSIMPLIFY\RELEASE\MESHSIMPLIFY.PDB
J:\Projects\MeshSimplify\Release\common.obj
J:\Projects\MeshSimplify\Release\heap.obj
J:\Projects\MeshSimplify\Release\main.obj
J:\Projects\MeshSimplify\Release\object.obj
J:\Projects\MeshSimplify\Release\result.obj
J:\Projects\MeshSimplify\Release\cl.command.1.tlog
J:\Projects\MeshSimplify\Release\CL.read.1.tlog
J:\Projects\MeshSimplify\Release\CL.write.1.tlog
J:\Projects\MeshSimplify\Release\link-cvtres.read.1.tlog
J:\Projects\MeshSimplify\Release\link-cvtres.write.1.tlog
J:\Projects\MeshSimplify\Release\link-rc.read.1.tlog
J:\Projects\MeshSimplify\Release\link-rc.write.1.tlog
J:\Projects\MeshSimplify\Release\link.command.1.tlog
J:\Projects\MeshSimplify\Release\link.read.1.tlog
J:\Projects\MeshSimplify\Release\link.write.1.tlog
J:\Projects\MeshSimplify\Release\MeshSimplify.pdb
J:\Projects\MeshSimplify\Release\vc110.pdb
J:\Projects\MeshSimplify\Release\MeshSimplify.exe
